Determining if the pthread_create exist failed with the following output:
Change Dir: /home/ubuntu/ROS/taticoma/taticoma/build/CMakeFiles/CMakeTmp

Run Build Command:"/usr/bin/make" "cmTC_615da/fast"
/usr/bin/make -f CMakeFiles/cmTC_615da.dir/build.make CMakeFiles/cmTC_615da.dir/build
make[1]: Entering directory '/home/ubuntu/ROS/taticoma/taticoma/build/CMakeFiles/CMakeTmp'
Building C object CMakeFiles/cmTC_615da.dir/CheckSymbolExists.c.o
/usr/bin/cc     -o CMakeFiles/cmTC_615da.dir/CheckSymbolExists.c.o   -c /home/ubuntu/ROS/taticoma/taticoma/build/CMakeFiles/CMakeTmp/CheckSymbolExists.c
Linking C executable cmTC_615da
/usr/bin/cmake -E cmake_link_script CMakeFiles/cmTC_615da.dir/link.txt --verbose=1
/usr/bin/cc       CMakeFiles/cmTC_615da.dir/CheckSymbolExists.c.o  -o cmTC_615da -rdynamic 
CMakeFiles/cmTC_615da.dir/CheckSymbolExists.c.o: In function `main':
CheckSymbolExists.c:(.text+0x16): undefined reference to `pthread_create'
collect2: error: ld returned 1 exit status
CMakeFiles/cmTC_615da.dir/build.make:97: recipe for target 'cmTC_615da' failed
make[1]: *** [cmTC_615da] Error 1
make[1]: Leaving directory '/home/ubuntu/ROS/taticoma/taticoma/build/CMakeFiles/CMakeTmp'
Makefile:126: recipe for target 'cmTC_615da/fast' failed
make: *** [cmTC_615da/fast] Error 2

File /home/ubuntu/ROS/taticoma/taticoma/build/CMakeFiles/CMakeTmp/CheckSymbolExists.c:
/* */
#include <pthread.h>

int main(int argc, char** argv)
{
  (void)argv;
#ifndef pthread_create
  return ((int*)(&pthread_create))[argc];
#else
  (void)argc;
  return 0;
#endif
}

Determining if the function pthread_create exists in the pthreads failed with the following output:
Change Dir: /home/ubuntu/ROS/taticoma/taticoma/build/CMakeFiles/CMakeTmp

Run Build Command:"/usr/bin/make" "cmTC_9b3ef/fast"
/usr/bin/make -f CMakeFiles/cmTC_9b3ef.dir/build.make CMakeFiles/cmTC_9b3ef.dir/build
make[1]: Entering directory '/home/ubuntu/ROS/taticoma/taticoma/build/CMakeFiles/CMakeTmp'
Building C object CMakeFiles/cmTC_9b3ef.dir/CheckFunctionExists.c.o
/usr/bin/cc    -DCHECK_FUNCTION_EXISTS=pthread_create   -o CMakeFiles/cmTC_9b3ef.dir/CheckFunctionExists.c.o   -c /usr/share/cmake-3.5/Modules/CheckFunctionExists.c
Linking C executable cmTC_9b3ef
/usr/bin/cmake -E cmake_link_script CMakeFiles/cmTC_9b3ef.dir/link.txt --verbose=1
/usr/bin/cc   -DCHECK_FUNCTION_EXISTS=pthread_create    CMakeFiles/cmTC_9b3ef.dir/CheckFunctionExists.c.o  -o cmTC_9b3ef -rdynamic -lpthreads 
/usr/bin/ld: cannot find -lpthreads
collect2: error: ld returned 1 exit status
CMakeFiles/cmTC_9b3ef.dir/build.make:97: recipe for target 'cmTC_9b3ef' failed
make[1]: *** [cmTC_9b3ef] Error 1
make[1]: Leaving directory '/home/ubuntu/ROS/taticoma/taticoma/build/CMakeFiles/CMakeTmp'
Makefile:126: recipe for target 'cmTC_9b3ef/fast' failed
make: *** [cmTC_9b3ef/fast] Error 2


